<?xml version="1.0" encoding="UTF-8"?>
<!-- Generated by org.testng.reporters.JUnitReportReporter -->
<testsuite hostname="INDRAJITs-MacBook-Air.local" failures="0" tests="4" name="com.qa.test.CalculateTest3" time="0.030" errors="0" timestamp="2021-01-07T20:11:34 IST" skipped="0">
  <testcase classname="com.qa.test.CalculateTest3" name="mul" time="0.001"/>
  <system-out/>
  <testcase classname="com.qa.test.CalculateTest3" name="sub" time="0.002"/>
  <system-out/>
  <testcase classname="com.qa.test.CalculateTest3" name="sum" time="0.004"/>
  <system-out/>
  <testcase classname="com.qa.test.CalculateTest3" name="div" time="0.023"/>
  <system-out/>
</testsuite> <!-- com.qa.test.CalculateTest3 -->
