<?xml version="1.0" encoding="UTF-8"?>
<!-- Generated by org.testng.reporters.JUnitReportReporter -->
<testsuite hostname="INDRAJITs-MacBook-Air.local" failures="0" tests="4" name="com.qa.test.calculate" time="0.022" errors="0" timestamp="2021-01-07T18:53:16 IST" skipped="0">
  <testcase classname="com.qa.test.calculate" name="div" time="0.015"/>
  <system-out/>
  <testcase classname="com.qa.test.calculate" name="sub" time="0.003"/>
  <system-out/>
  <testcase classname="com.qa.test.calculate" name="sum" time="0.002"/>
  <system-out/>
  <testcase classname="com.qa.test.calculate" name="mul" time="0.002"/>
  <system-out/>
</testsuite> <!-- com.qa.test.calculate -->
